Analysis & Synthesis report for digitaldice
Sun Nov 02 23:47:00 2025
Quartus Prime Version 20.1.0 Build 711 06/05/2020 SJ Lite Edition


---------------------
; Table of Contents ;
---------------------
  1. Legal Notice
  2. Analysis & Synthesis Summary
  3. Analysis & Synthesis Settings
  4. Parallel Compilation
  5. Analysis & Synthesis Source Files Read
  6. Analysis & Synthesis Resource Usage Summary
  7. Analysis & Synthesis Resource Utilization by Entity
  8. Registers Removed During Synthesis
  9. General Register Statistics
 10. Inverted Register Statistics
 11. Multiplexer Restructuring Statistics (Restructuring Performed)
 12. Parameter Settings for Inferred Entity Instance: bin_to_bcd:bcd_conv|lpm_divide:Div2
 13. Parameter Settings for Inferred Entity Instance: bin_to_bcd:bcd_conv|lpm_divide:Mod0
 14. Parameter Settings for Inferred Entity Instance: bin_to_bcd:bcd_conv|lpm_divide:Div1
 15. Parameter Settings for Inferred Entity Instance: bin_to_bcd:bcd_conv|lpm_divide:Mod1
 16. Parameter Settings for Inferred Entity Instance: bin_to_bcd:bcd_conv|lpm_divide:Div0
 17. Parameter Settings for Inferred Entity Instance: dice_processor:dice_proc|lpm_divide:Mod0
 18. Port Connectivity Checks: "clock_divider:clk_div"
 19. Post-Synthesis Netlist Statistics for Top Partition
 20. Elapsed Time Per Partition
 21. Analysis & Synthesis Messages
 22. Analysis & Synthesis Suppressed Messages



----------------
; Legal Notice ;
----------------
Copyright (C) 2020  Intel Corporation. All rights reserved.
Your use of Intel Corporation's design tools, logic functions 
and other software and tools, and any partner logic 
functions, and any output files from any of the foregoing 
(including device programming or simulation files), and any 
associated documentation or information are expressly subject 
to the terms and conditions of the Intel Program License 
Subscription Agreement, the Intel Quartus Prime License Agreement,
the Intel FPGA IP License Agreement, or other applicable license
agreement, including, without limitation, that your use is for
the sole purpose of programming logic devices manufactured by
Intel and sold by Intel or its authorized distributors.  Please
refer to the applicable agreement for further details, at
https://fpgasoftware.intel.com/eula.



+----------------------------------------------------------------------------------+
; Analysis & Synthesis Summary                                                     ;
+------------------------------------+---------------------------------------------+
; Analysis & Synthesis Status        ; Successful - Sun Nov 02 23:47:00 2025       ;
; Quartus Prime Version              ; 20.1.0 Build 711 06/05/2020 SJ Lite Edition ;
; Revision Name                      ; digitaldice                                 ;
; Top-level Entity Name              ; digital_dice_top                            ;
; Family                             ; MAX 10                                      ;
; Total logic elements               ; 904                                         ;
;     Total combinational functions  ; 893                                         ;
;     Dedicated logic registers      ; 117                                         ;
; Total registers                    ; 117                                         ;
; Total pins                         ; 26                                          ;
; Total virtual pins                 ; 0                                           ;
; Total memory bits                  ; 0                                           ;
; Embedded Multiplier 9-bit elements ; 0                                           ;
; Total PLLs                         ; 0                                           ;
; UFM blocks                         ; 0                                           ;
; ADC blocks                         ; 0                                           ;
+------------------------------------+---------------------------------------------+


+------------------------------------------------------------------------------------------------------------+
; Analysis & Synthesis Settings                                                                              ;
+------------------------------------------------------------------+--------------------+--------------------+
; Option                                                           ; Setting            ; Default Value      ;
+------------------------------------------------------------------+--------------------+--------------------+
; Device                                                           ; 10M50DAF484C7G     ;                    ;
; Top-level entity name                                            ; digital_dice_top   ; digitaldice        ;
; Family name                                                      ; MAX 10             ; Cyclone V          ;
; Use smart compilation                                            ; Off                ; Off                ;
; Enable parallel Assembler and Timing Analyzer during compilation ; On                 ; On                 ;
; Enable compact report table                                      ; Off                ; Off                ;
; Restructure Multiplexers                                         ; Auto               ; Auto               ;
; Create Debugging Nodes for IP Cores                              ; Off                ; Off                ;
; Preserve fewer node names                                        ; On                 ; On                 ;
; Intel FPGA IP Evaluation Mode                                    ; Enable             ; Enable             ;
; Verilog Version                                                  ; Verilog_2001       ; Verilog_2001       ;
; VHDL Version                                                     ; VHDL_1993          ; VHDL_1993          ;
; State Machine Processing                                         ; Auto               ; Auto               ;
; Safe State Machine                                               ; Off                ; Off                ;
; Extract Verilog State Machines                                   ; On                 ; On                 ;
; Extract VHDL State Machines                                      ; On                 ; On                 ;
; Ignore Verilog initial constructs                                ; Off                ; Off                ;
; Iteration limit for constant Verilog loops                       ; 5000               ; 5000               ;
; Iteration limit for non-constant Verilog loops                   ; 250                ; 250                ;
; Add Pass-Through Logic to Inferred RAMs                          ; On                 ; On                 ;
; Infer RAMs from Raw Logic                                        ; On                 ; On                 ;
; Parallel Synthesis                                               ; On                 ; On                 ;
; DSP Block Balancing                                              ; Auto               ; Auto               ;
; NOT Gate Push-Back                                               ; On                 ; On                 ;
; Power-Up Don't Care                                              ; On                 ; On                 ;
; Remove Redundant Logic Cells                                     ; Off                ; Off                ;
; Remove Duplicate Registers                                       ; On                 ; On                 ;
; Ignore CARRY Buffers                                             ; Off                ; Off                ;
; Ignore CASCADE Buffers                                           ; Off                ; Off                ;
; Ignore GLOBAL Buffers                                            ; Off                ; Off                ;
; Ignore ROW GLOBAL Buffers                                        ; Off                ; Off                ;
; Ignore LCELL Buffers                                             ; Off                ; Off                ;
; Ignore SOFT Buffers                                              ; On                 ; On                 ;
; Limit AHDL Integers to 32 Bits                                   ; Off                ; Off                ;
; Optimization Technique                                           ; Balanced           ; Balanced           ;
; Carry Chain Length                                               ; 70                 ; 70                 ;
; Auto Carry Chains                                                ; On                 ; On                 ;
; Auto Open-Drain Pins                                             ; On                 ; On                 ;
; Perform WYSIWYG Primitive Resynthesis                            ; Off                ; Off                ;
; Auto ROM Replacement                                             ; On                 ; On                 ;
; Auto RAM Replacement                                             ; On                 ; On                 ;
; Auto DSP Block Replacement                                       ; On                 ; On                 ;
; Auto Shift Register Replacement                                  ; Auto               ; Auto               ;
; Allow Shift Register Merging across Hierarchies                  ; Auto               ; Auto               ;
; Auto Clock Enable Replacement                                    ; On                 ; On                 ;
; Strict RAM Replacement                                           ; Off                ; Off                ;
; Allow Synchronous Control Signals                                ; On                 ; On                 ;
; Force Use of Synchronous Clear Signals                           ; Off                ; Off                ;
; Auto RAM Block Balancing                                         ; On                 ; On                 ;
; Auto RAM to Logic Cell Conversion                                ; Off                ; Off                ;
; Auto Resource Sharing                                            ; Off                ; Off                ;
; Allow Any RAM Size For Recognition                               ; Off                ; Off                ;
; Allow Any ROM Size For Recognition                               ; Off                ; Off                ;
; Allow Any Shift Register Size For Recognition                    ; Off                ; Off                ;
; Use LogicLock Constraints during Resource Balancing              ; On                 ; On                 ;
; Ignore translate_off and synthesis_off directives                ; Off                ; Off                ;
; Timing-Driven Synthesis                                          ; On                 ; On                 ;
; Report Parameter Settings                                        ; On                 ; On                 ;
; Report Source Assignments                                        ; On                 ; On                 ;
; Report Connectivity Checks                                       ; On                 ; On                 ;
; Ignore Maximum Fan-Out Assignments                               ; Off                ; Off                ;
; Synchronization Register Chain Length                            ; 2                  ; 2                  ;
; Power Optimization During Synthesis                              ; Normal compilation ; Normal compilation ;
; HDL message level                                                ; Level2             ; Level2             ;
; Suppress Register Optimization Related Messages                  ; Off                ; Off                ;
; Number of Removed Registers Reported in Synthesis Report         ; 5000               ; 5000               ;
; Number of Swept Nodes Reported in Synthesis Report               ; 5000               ; 5000               ;
; Number of Inverted Registers Reported in Synthesis Report        ; 100                ; 100                ;
; Clock MUX Protection                                             ; On                 ; On                 ;
; Auto Gated Clock Conversion                                      ; Off                ; Off                ;
; Block Design Naming                                              ; Auto               ; Auto               ;
; SDC constraint protection                                        ; Off                ; Off                ;
; Synthesis Effort                                                 ; Auto               ; Auto               ;
; Shift Register Replacement - Allow Asynchronous Clear Signal     ; On                 ; On                 ;
; Pre-Mapping Resynthesis Optimization                             ; Off                ; Off                ;
; Analysis & Synthesis Message Level                               ; Medium             ; Medium             ;
; Disable Register Merging Across Hierarchies                      ; Auto               ; Auto               ;
; Resource Aware Inference For Block RAM                           ; On                 ; On                 ;
+------------------------------------------------------------------+--------------------+--------------------+


+------------------------------------------+
; Parallel Compilation                     ;
+----------------------------+-------------+
; Processors                 ; Number      ;
+----------------------------+-------------+
; Number detected on machine ; 12          ;
; Maximum allowed            ; 8           ;
;                            ;             ;
; Average used               ; 1.00        ;
; Maximum used               ; 8           ;
;                            ;             ;
; Usage by Processor         ; % Time Used ;
;     Processor 1            ; 100.0%      ;
;     Processor 2            ;   0.1%      ;
;     Processors 3-8         ;   0.0%      ;
+----------------------------+-------------+


+--------------------------------------------------------------------------------------------------------------------------------------------------------------------------+
; Analysis & Synthesis Source Files Read                                                                                                                                   ;
+----------------------------------+-----------------+------------------------------+----------------------------------------------------------------------------+---------+
; File Name with User-Entered Path ; Used in Netlist ; File Type                    ; File Name with Absolute Path                                               ; Library ;
+----------------------------------+-----------------+------------------------------+----------------------------------------------------------------------------+---------+
; digitaldice.v                    ; yes             ; User Verilog HDL File        ; C:/Users/sraja/OneDrive/Desktop/dsd/digitaldice.v                          ;         ;
; lpm_divide.tdf                   ; yes             ; Megafunction                 ; c:/intelfpga_lite/20.1/quartus/libraries/megafunctions/lpm_divide.tdf      ;         ;
; abs_divider.inc                  ; yes             ; Megafunction                 ; c:/intelfpga_lite/20.1/quartus/libraries/megafunctions/abs_divider.inc     ;         ;
; sign_div_unsign.inc              ; yes             ; Megafunction                 ; c:/intelfpga_lite/20.1/quartus/libraries/megafunctions/sign_div_unsign.inc ;         ;
; aglobal201.inc                   ; yes             ; Megafunction                 ; c:/intelfpga_lite/20.1/quartus/libraries/megafunctions/aglobal201.inc      ;         ;
; db/lpm_divide_9sl.tdf            ; yes             ; Auto-Generated Megafunction  ; C:/Users/sraja/OneDrive/Desktop/dsd/db/lpm_divide_9sl.tdf                  ;         ;
; db/sign_div_unsign_bkh.tdf       ; yes             ; Auto-Generated Megafunction  ; C:/Users/sraja/OneDrive/Desktop/dsd/db/sign_div_unsign_bkh.tdf             ;         ;
; db/alt_u_div_0fe.tdf             ; yes             ; Auto-Generated Megafunction  ; C:/Users/sraja/OneDrive/Desktop/dsd/db/alt_u_div_0fe.tdf                   ;         ;
; db/add_sub_t3c.tdf               ; yes             ; Auto-Generated Megafunction  ; C:/Users/sraja/OneDrive/Desktop/dsd/db/add_sub_t3c.tdf                     ;         ;
; db/add_sub_u3c.tdf               ; yes             ; Auto-Generated Megafunction  ; C:/Users/sraja/OneDrive/Desktop/dsd/db/add_sub_u3c.tdf                     ;         ;
; db/lpm_divide_fkl.tdf            ; yes             ; Auto-Generated Megafunction  ; C:/Users/sraja/OneDrive/Desktop/dsd/db/lpm_divide_fkl.tdf                  ;         ;
; db/sign_div_unsign_ekh.tdf       ; yes             ; Auto-Generated Megafunction  ; C:/Users/sraja/OneDrive/Desktop/dsd/db/sign_div_unsign_ekh.tdf             ;         ;
; db/alt_u_div_6fe.tdf             ; yes             ; Auto-Generated Megafunction  ; C:/Users/sraja/OneDrive/Desktop/dsd/db/alt_u_div_6fe.tdf                   ;         ;
; db/lpm_divide_8sl.tdf            ; yes             ; Auto-Generated Megafunction  ; C:/Users/sraja/OneDrive/Desktop/dsd/db/lpm_divide_8sl.tdf                  ;         ;
; db/sign_div_unsign_akh.tdf       ; yes             ; Auto-Generated Megafunction  ; C:/Users/sraja/OneDrive/Desktop/dsd/db/sign_div_unsign_akh.tdf             ;         ;
; db/alt_u_div_uee.tdf             ; yes             ; Auto-Generated Megafunction  ; C:/Users/sraja/OneDrive/Desktop/dsd/db/alt_u_div_uee.tdf                   ;         ;
; db/lpm_divide_ckl.tdf            ; yes             ; Auto-Generated Megafunction  ; C:/Users/sraja/OneDrive/Desktop/dsd/db/lpm_divide_ckl.tdf                  ;         ;
; db/lpm_divide_csl.tdf            ; yes             ; Auto-Generated Megafunction  ; C:/Users/sraja/OneDrive/Desktop/dsd/db/lpm_divide_csl.tdf                  ;         ;
; db/lpm_divide_tll.tdf            ; yes             ; Auto-Generated Megafunction  ; C:/Users/sraja/OneDrive/Desktop/dsd/db/lpm_divide_tll.tdf                  ;         ;
; db/sign_div_unsign_slh.tdf       ; yes             ; Auto-Generated Megafunction  ; C:/Users/sraja/OneDrive/Desktop/dsd/db/sign_div_unsign_slh.tdf             ;         ;
; db/alt_u_div_2ie.tdf             ; yes             ; Auto-Generated Megafunction  ; C:/Users/sraja/OneDrive/Desktop/dsd/db/alt_u_div_2ie.tdf                   ;         ;
+----------------------------------+-----------------+------------------------------+----------------------------------------------------------------------------+---------+


+-------------------------------------------------------------+
; Analysis & Synthesis Resource Usage Summary                 ;
+---------------------------------------------+---------------+
; Resource                                    ; Usage         ;
+---------------------------------------------+---------------+
; Estimated Total logic elements              ; 904           ;
;                                             ;               ;
; Total combinational functions               ; 893           ;
; Logic element usage by number of LUT inputs ;               ;
;     -- 4 input functions                    ; 156           ;
;     -- 3 input functions                    ; 439           ;
;     -- <=2 input functions                  ; 298           ;
;                                             ;               ;
; Logic elements by mode                      ;               ;
;     -- normal mode                          ; 551           ;
;     -- arithmetic mode                      ; 342           ;
;                                             ;               ;
; Total registers                             ; 117           ;
;     -- Dedicated logic registers            ; 117           ;
;     -- I/O registers                        ; 0             ;
;                                             ;               ;
; I/O pins                                    ; 26            ;
;                                             ;               ;
; Embedded Multiplier 9-bit elements          ; 0             ;
;                                             ;               ;
; Maximum fan-out node                        ; reset_n~input ;
; Maximum fan-out                             ; 117           ;
; Total fan-out                               ; 2909          ;
; Average fan-out                             ; 2.74          ;
+---------------------------------------------+---------------+


+----------------------------------------------------------------------------------------------------------------------------------------------------------------------------------------------------------------------------------------------------------------------------------------------------------------------------------------------------------------------------------+
; Analysis & Synthesis Resource Utilization by Entity                                                                                                                                                                                                                                                                                                                              ;
+-------------------------------------------+---------------------+---------------------------+-------------+------------+--------------+---------+-----------+------+--------------+------------+--------------------------------------------------------------------------------------------------------------------------------------------+---------------------+--------------+
; Compilation Hierarchy Node                ; Combinational ALUTs ; Dedicated Logic Registers ; Memory Bits ; UFM Blocks ; DSP Elements ; DSP 9x9 ; DSP 18x18 ; Pins ; Virtual Pins ; ADC blocks ; Full Hierarchy Name                                                                                                                        ; Entity Name         ; Library Name ;
+-------------------------------------------+---------------------+---------------------------+-------------+------------+--------------+---------+-----------+------+--------------+------------+--------------------------------------------------------------------------------------------------------------------------------------------+---------------------+--------------+
; |digital_dice_top                         ; 893 (0)             ; 117 (0)                   ; 0           ; 0          ; 0            ; 0       ; 0         ; 26   ; 0            ; 0          ; |digital_dice_top                                                                                                                          ; digital_dice_top    ; work         ;
;    |bin_to_bcd:bcd_conv|                  ; 226 (0)             ; 0 (0)                     ; 0           ; 0          ; 0            ; 0       ; 0         ; 0    ; 0            ; 0          ; |digital_dice_top|bin_to_bcd:bcd_conv                                                                                                      ; bin_to_bcd          ; work         ;
;       |lpm_divide:Div0|                   ; 25 (0)              ; 0 (0)                     ; 0           ; 0          ; 0            ; 0       ; 0         ; 0    ; 0            ; 0          ; |digital_dice_top|bin_to_bcd:bcd_conv|lpm_divide:Div0                                                                                      ; lpm_divide          ; work         ;
;          |lpm_divide_csl:auto_generated|  ; 25 (0)              ; 0 (0)                     ; 0           ; 0          ; 0            ; 0       ; 0         ; 0    ; 0            ; 0          ; |digital_dice_top|bin_to_bcd:bcd_conv|lpm_divide:Div0|lpm_divide_csl:auto_generated                                                        ; lpm_divide_csl      ; work         ;
;             |sign_div_unsign_ekh:divider| ; 25 (0)              ; 0 (0)                     ; 0           ; 0          ; 0            ; 0       ; 0         ; 0    ; 0            ; 0          ; |digital_dice_top|bin_to_bcd:bcd_conv|lpm_divide:Div0|lpm_divide_csl:auto_generated|sign_div_unsign_ekh:divider                            ; sign_div_unsign_ekh ; work         ;
;                |alt_u_div_6fe:divider|    ; 25 (25)             ; 0 (0)                     ; 0           ; 0          ; 0            ; 0       ; 0         ; 0    ; 0            ; 0          ; |digital_dice_top|bin_to_bcd:bcd_conv|lpm_divide:Div0|lpm_divide_csl:auto_generated|sign_div_unsign_ekh:divider|alt_u_div_6fe:divider      ; alt_u_div_6fe       ; work         ;
;       |lpm_divide:Div1|                   ; 46 (0)              ; 0 (0)                     ; 0           ; 0          ; 0            ; 0       ; 0         ; 0    ; 0            ; 0          ; |digital_dice_top|bin_to_bcd:bcd_conv|lpm_divide:Div1                                                                                      ; lpm_divide          ; work         ;
;          |lpm_divide_8sl:auto_generated|  ; 46 (0)              ; 0 (0)                     ; 0           ; 0          ; 0            ; 0       ; 0         ; 0    ; 0            ; 0          ; |digital_dice_top|bin_to_bcd:bcd_conv|lpm_divide:Div1|lpm_divide_8sl:auto_generated                                                        ; lpm_divide_8sl      ; work         ;
;             |sign_div_unsign_akh:divider| ; 46 (0)              ; 0 (0)                     ; 0           ; 0          ; 0            ; 0       ; 0         ; 0    ; 0            ; 0          ; |digital_dice_top|bin_to_bcd:bcd_conv|lpm_divide:Div1|lpm_divide_8sl:auto_generated|sign_div_unsign_akh:divider                            ; sign_div_unsign_akh ; work         ;
;                |alt_u_div_uee:divider|    ; 46 (46)             ; 0 (0)                     ; 0           ; 0          ; 0            ; 0       ; 0         ; 0    ; 0            ; 0          ; |digital_dice_top|bin_to_bcd:bcd_conv|lpm_divide:Div1|lpm_divide_8sl:auto_generated|sign_div_unsign_akh:divider|alt_u_div_uee:divider      ; alt_u_div_uee       ; work         ;
;       |lpm_divide:Div2|                   ; 56 (0)              ; 0 (0)                     ; 0           ; 0          ; 0            ; 0       ; 0         ; 0    ; 0            ; 0          ; |digital_dice_top|bin_to_bcd:bcd_conv|lpm_divide:Div2                                                                                      ; lpm_divide          ; work         ;
;          |lpm_divide_9sl:auto_generated|  ; 56 (0)              ; 0 (0)                     ; 0           ; 0          ; 0            ; 0       ; 0         ; 0    ; 0            ; 0          ; |digital_dice_top|bin_to_bcd:bcd_conv|lpm_divide:Div2|lpm_divide_9sl:auto_generated                                                        ; lpm_divide_9sl      ; work         ;
;             |sign_div_unsign_bkh:divider| ; 56 (0)              ; 0 (0)                     ; 0           ; 0          ; 0            ; 0       ; 0         ; 0    ; 0            ; 0          ; |digital_dice_top|bin_to_bcd:bcd_conv|lpm_divide:Div2|lpm_divide_9sl:auto_generated|sign_div_unsign_bkh:divider                            ; sign_div_unsign_bkh ; work         ;
;                |alt_u_div_0fe:divider|    ; 56 (56)             ; 0 (0)                     ; 0           ; 0          ; 0            ; 0       ; 0         ; 0    ; 0            ; 0          ; |digital_dice_top|bin_to_bcd:bcd_conv|lpm_divide:Div2|lpm_divide_9sl:auto_generated|sign_div_unsign_bkh:divider|alt_u_div_0fe:divider      ; alt_u_div_0fe       ; work         ;
;       |lpm_divide:Mod0|                   ; 40 (0)              ; 0 (0)                     ; 0           ; 0          ; 0            ; 0       ; 0         ; 0    ; 0            ; 0          ; |digital_dice_top|bin_to_bcd:bcd_conv|lpm_divide:Mod0                                                                                      ; lpm_divide          ; work         ;
;          |lpm_divide_fkl:auto_generated|  ; 40 (0)              ; 0 (0)                     ; 0           ; 0          ; 0            ; 0       ; 0         ; 0    ; 0            ; 0          ; |digital_dice_top|bin_to_bcd:bcd_conv|lpm_divide:Mod0|lpm_divide_fkl:auto_generated                                                        ; lpm_divide_fkl      ; work         ;
;             |sign_div_unsign_ekh:divider| ; 40 (0)              ; 0 (0)                     ; 0           ; 0          ; 0            ; 0       ; 0         ; 0    ; 0            ; 0          ; |digital_dice_top|bin_to_bcd:bcd_conv|lpm_divide:Mod0|lpm_divide_fkl:auto_generated|sign_div_unsign_ekh:divider                            ; sign_div_unsign_ekh ; work         ;
;                |alt_u_div_6fe:divider|    ; 40 (40)             ; 0 (0)                     ; 0           ; 0          ; 0            ; 0       ; 0         ; 0    ; 0            ; 0          ; |digital_dice_top|bin_to_bcd:bcd_conv|lpm_divide:Mod0|lpm_divide_fkl:auto_generated|sign_div_unsign_ekh:divider|alt_u_div_6fe:divider      ; alt_u_div_6fe       ; work         ;
;       |lpm_divide:Mod1|                   ; 59 (0)              ; 0 (0)                     ; 0           ; 0          ; 0            ; 0       ; 0         ; 0    ; 0            ; 0          ; |digital_dice_top|bin_to_bcd:bcd_conv|lpm_divide:Mod1                                                                                      ; lpm_divide          ; work         ;
;          |lpm_divide_ckl:auto_generated|  ; 59 (0)              ; 0 (0)                     ; 0           ; 0          ; 0            ; 0       ; 0         ; 0    ; 0            ; 0          ; |digital_dice_top|bin_to_bcd:bcd_conv|lpm_divide:Mod1|lpm_divide_ckl:auto_generated                                                        ; lpm_divide_ckl      ; work         ;
;             |sign_div_unsign_bkh:divider| ; 59 (0)              ; 0 (0)                     ; 0           ; 0          ; 0            ; 0       ; 0         ; 0    ; 0            ; 0          ; |digital_dice_top|bin_to_bcd:bcd_conv|lpm_divide:Mod1|lpm_divide_ckl:auto_generated|sign_div_unsign_bkh:divider                            ; sign_div_unsign_bkh ; work         ;
;                |alt_u_div_0fe:divider|    ; 59 (59)             ; 0 (0)                     ; 0           ; 0          ; 0            ; 0       ; 0         ; 0    ; 0            ; 0          ; |digital_dice_top|bin_to_bcd:bcd_conv|lpm_divide:Mod1|lpm_divide_ckl:auto_generated|sign_div_unsign_bkh:divider|alt_u_div_0fe:divider      ; alt_u_div_0fe       ; work         ;
;    |clock_divider:clk_div|                ; 56 (56)             ; 42 (42)                   ; 0           ; 0          ; 0            ; 0       ; 0         ; 0    ; 0            ; 0          ; |digital_dice_top|clock_divider:clk_div                                                                                                    ; clock_divider       ; work         ;
;    |dice_controller:dice_ctrl|            ; 6 (6)               ; 5 (5)                     ; 0           ; 0          ; 0            ; 0       ; 0         ; 0    ; 0            ; 0          ; |digital_dice_top|dice_controller:dice_ctrl                                                                                                ; dice_controller     ; work         ;
;    |dice_processor:dice_proc|             ; 509 (14)            ; 10 (10)                   ; 0           ; 0          ; 0            ; 0       ; 0         ; 0    ; 0            ; 0          ; |digital_dice_top|dice_processor:dice_proc                                                                                                 ; dice_processor      ; work         ;
;       |lpm_divide:Mod0|                   ; 495 (0)             ; 0 (0)                     ; 0           ; 0          ; 0            ; 0       ; 0         ; 0    ; 0            ; 0          ; |digital_dice_top|dice_processor:dice_proc|lpm_divide:Mod0                                                                                 ; lpm_divide          ; work         ;
;          |lpm_divide_tll:auto_generated|  ; 495 (0)             ; 0 (0)                     ; 0           ; 0          ; 0            ; 0       ; 0         ; 0    ; 0            ; 0          ; |digital_dice_top|dice_processor:dice_proc|lpm_divide:Mod0|lpm_divide_tll:auto_generated                                                   ; lpm_divide_tll      ; work         ;
;             |sign_div_unsign_slh:divider| ; 495 (0)             ; 0 (0)                     ; 0           ; 0          ; 0            ; 0       ; 0         ; 0    ; 0            ; 0          ; |digital_dice_top|dice_processor:dice_proc|lpm_divide:Mod0|lpm_divide_tll:auto_generated|sign_div_unsign_slh:divider                       ; sign_div_unsign_slh ; work         ;
;                |alt_u_div_2ie:divider|    ; 495 (495)           ; 0 (0)                     ; 0           ; 0          ; 0            ; 0       ; 0         ; 0    ; 0            ; 0          ; |digital_dice_top|dice_processor:dice_proc|lpm_divide:Mod0|lpm_divide_tll:auto_generated|sign_div_unsign_slh:divider|alt_u_div_2ie:divider ; alt_u_div_2ie       ; work         ;
;    |seven_seg_display:seg_display|        ; 32 (32)             ; 2 (2)                     ; 0           ; 0          ; 0            ; 0       ; 0         ; 0    ; 0            ; 0          ; |digital_dice_top|seven_seg_display:seg_display                                                                                            ; seven_seg_display   ; work         ;
;    |tilt_detector:tilt_inst|              ; 14 (14)             ; 13 (13)                   ; 0           ; 0          ; 0            ; 0       ; 0         ; 0    ; 0            ; 0          ; |digital_dice_top|tilt_detector:tilt_inst                                                                                                  ; tilt_detector       ; work         ;
;    |xorshift_rng:rng_inst|                ; 50 (50)             ; 45 (45)                   ; 0           ; 0          ; 0            ; 0       ; 0         ; 0    ; 0            ; 0          ; |digital_dice_top|xorshift_rng:rng_inst                                                                                                    ; xorshift_rng        ; work         ;
+-------------------------------------------+---------------------+---------------------------+-------------+------------+--------------+---------+-----------+------+--------------+------------+--------------------------------------------------------------------------------------------------------------------------------------------+---------------------+--------------+
Note: For table entries with two numbers listed, the numbers in parentheses indicate the number of resources of the given type used by the specific entity alone. The numbers listed outside of parentheses indicate the total resources of the given type used by the specific entity and all of its sub-entities in the hierarchy.


+--------------------------------------------------------------------------------------------+
; Registers Removed During Synthesis                                                         ;
+-----------------------------------------+--------------------------------------------------+
; Register name                           ; Reason for Removal                               ;
+-----------------------------------------+--------------------------------------------------+
; xorshift_rng:rng_inst|state[31]         ; Merged with xorshift_rng:rng_inst|random_out[31] ;
; xorshift_rng:rng_inst|state[30]         ; Merged with xorshift_rng:rng_inst|random_out[30] ;
; xorshift_rng:rng_inst|state[29]         ; Merged with xorshift_rng:rng_inst|random_out[29] ;
; xorshift_rng:rng_inst|state[27]         ; Merged with xorshift_rng:rng_inst|random_out[27] ;
; xorshift_rng:rng_inst|state[26]         ; Merged with xorshift_rng:rng_inst|random_out[26] ;
; xorshift_rng:rng_inst|state[24]         ; Merged with xorshift_rng:rng_inst|random_out[24] ;
; xorshift_rng:rng_inst|state[23]         ; Merged with xorshift_rng:rng_inst|random_out[23] ;
; xorshift_rng:rng_inst|state[22]         ; Merged with xorshift_rng:rng_inst|random_out[22] ;
; xorshift_rng:rng_inst|state[19]         ; Merged with xorshift_rng:rng_inst|random_out[19] ;
; xorshift_rng:rng_inst|state[17]         ; Merged with xorshift_rng:rng_inst|random_out[17] ;
; xorshift_rng:rng_inst|state[16]         ; Merged with xorshift_rng:rng_inst|random_out[16] ;
; xorshift_rng:rng_inst|state[15]         ; Merged with xorshift_rng:rng_inst|random_out[15] ;
; xorshift_rng:rng_inst|state[13]         ; Merged with xorshift_rng:rng_inst|random_out[13] ;
; xorshift_rng:rng_inst|state[11]         ; Merged with xorshift_rng:rng_inst|random_out[11] ;
; xorshift_rng:rng_inst|state[8]          ; Merged with xorshift_rng:rng_inst|random_out[8]  ;
; xorshift_rng:rng_inst|state[7]          ; Merged with xorshift_rng:rng_inst|random_out[7]  ;
; xorshift_rng:rng_inst|state[2]          ; Merged with xorshift_rng:rng_inst|random_out[2]  ;
; xorshift_rng:rng_inst|state[1]          ; Merged with xorshift_rng:rng_inst|random_out[1]  ;
; xorshift_rng:rng_inst|state[0]          ; Merged with xorshift_rng:rng_inst|random_out[0]  ;
; tilt_detector:tilt_inst|stable_count[0] ; Lost fanout                                      ;
; Total Number of Removed Registers = 20  ;                                                  ;
+-----------------------------------------+--------------------------------------------------+


+------------------------------------------------------+
; General Register Statistics                          ;
+----------------------------------------------+-------+
; Statistic                                    ; Value ;
+----------------------------------------------+-------+
; Total registers                              ; 117   ;
; Number of registers using Synchronous Clear  ; 40    ;
; Number of registers using Synchronous Load   ; 0     ;
; Number of registers using Asynchronous Clear ; 117   ;
; Number of registers using Asynchronous Load  ; 0     ;
; Number of registers using Clock Enable       ; 55    ;
; Number of registers using Preset             ; 0     ;
+----------------------------------------------+-------+


+---------------------------------------------------+
; Inverted Register Statistics                      ;
+-----------------------------------------+---------+
; Inverted Register                       ; Fan out ;
+-----------------------------------------+---------+
; dice_processor:dice_proc|dice_result[0] ; 2       ;
; xorshift_rng:rng_inst|state[6]          ; 5       ;
; xorshift_rng:rng_inst|state[18]         ; 5       ;
; xorshift_rng:rng_inst|state[25]         ; 4       ;
; xorshift_rng:rng_inst|state[12]         ; 5       ;
; xorshift_rng:rng_inst|state[10]         ; 5       ;
; xorshift_rng:rng_inst|state[28]         ; 2       ;
; xorshift_rng:rng_inst|state[9]          ; 6       ;
; xorshift_rng:rng_inst|state[14]         ; 3       ;
; xorshift_rng:rng_inst|state[21]         ; 3       ;
; xorshift_rng:rng_inst|state[20]         ; 3       ;
; xorshift_rng:rng_inst|state[5]          ; 5       ;
; xorshift_rng:rng_inst|state[4]          ; 4       ;
; xorshift_rng:rng_inst|state[3]          ; 3       ;
; Total number of inverted registers = 14 ;         ;
+-----------------------------------------+---------+


+------------------------------------------------------------------------------------------------------------------------------------------------------------------------+
; Multiplexer Restructuring Statistics (Restructuring Performed)                                                                                                         ;
+--------------------+-----------+---------------+----------------------+------------------------+------------+----------------------------------------------------------+
; Multiplexer Inputs ; Bus Width ; Baseline Area ; Area if Restructured ; Saving if Restructured ; Registered ; Example Multiplexer Output                               ;
+--------------------+-----------+---------------+----------------------+------------------------+------------+----------------------------------------------------------+
; 5:1                ; 3 bits    ; 9 LEs         ; 6 LEs                ; 3 LEs                  ; Yes        ; |digital_dice_top|dice_controller:dice_ctrl|dice_type[0] ;
; 8:1                ; 4 bits    ; 20 LEs        ; 16 LEs               ; 4 LEs                  ; No         ; |digital_dice_top|seven_seg_display:seg_display|Mux1     ;
+--------------------+-----------+---------------+----------------------+------------------------+------------+----------------------------------------------------------+


+--------------------------------------------------------------------------------------+
; Parameter Settings for Inferred Entity Instance: bin_to_bcd:bcd_conv|lpm_divide:Div2 ;
+------------------------+----------------+--------------------------------------------+
; Parameter Name         ; Value          ; Type                                       ;
+------------------------+----------------+--------------------------------------------+
; LPM_WIDTHN             ; 8              ; Untyped                                    ;
; LPM_WIDTHD             ; 4              ; Untyped                                    ;
; LPM_NREPRESENTATION    ; UNSIGNED       ; Untyped                                    ;
; LPM_DREPRESENTATION    ; UNSIGNED       ; Untyped                                    ;
; LPM_PIPELINE           ; 0              ; Untyped                                    ;
; LPM_REMAINDERPOSITIVE  ; TRUE           ; Untyped                                    ;
; MAXIMIZE_SPEED         ; 5              ; Untyped                                    ;
; CBXI_PARAMETER         ; lpm_divide_9sl ; Untyped                                    ;
; CARRY_CHAIN            ; MANUAL         ; Untyped                                    ;
; OPTIMIZE_FOR_SPEED     ; 5              ; Untyped                                    ;
; AUTO_CARRY_CHAINS      ; ON             ; AUTO_CARRY                                 ;
; IGNORE_CARRY_BUFFERS   ; OFF            ; IGNORE_CARRY                               ;
; AUTO_CASCADE_CHAINS    ; ON             ; AUTO_CASCADE                               ;
; IGNORE_CASCADE_BUFFERS ; OFF            ; IGNORE_CASCADE                             ;
+------------------------+----------------+--------------------------------------------+
Note: In order to hide this table in the UI and the text report file, please set the "Show Parameter Settings in Synthesis Report" option in "Analysis and Synthesis Settings -> More Settings" to "Off".


+--------------------------------------------------------------------------------------+
; Parameter Settings for Inferred Entity Instance: bin_to_bcd:bcd_conv|lpm_divide:Mod0 ;
+------------------------+----------------+--------------------------------------------+
; Parameter Name         ; Value          ; Type                                       ;
+------------------------+----------------+--------------------------------------------+
; LPM_WIDTHN             ; 8              ; Untyped                                    ;
; LPM_WIDTHD             ; 7              ; Untyped                                    ;
; LPM_NREPRESENTATION    ; UNSIGNED       ; Untyped                                    ;
; LPM_DREPRESENTATION    ; UNSIGNED       ; Untyped                                    ;
; LPM_PIPELINE           ; 0              ; Untyped                                    ;
; LPM_REMAINDERPOSITIVE  ; TRUE           ; Untyped                                    ;
; MAXIMIZE_SPEED         ; 5              ; Untyped                                    ;
; CBXI_PARAMETER         ; lpm_divide_fkl ; Untyped                                    ;
; CARRY_CHAIN            ; MANUAL         ; Untyped                                    ;
; OPTIMIZE_FOR_SPEED     ; 5              ; Untyped                                    ;
; AUTO_CARRY_CHAINS      ; ON             ; AUTO_CARRY                                 ;
; IGNORE_CARRY_BUFFERS   ; OFF            ; IGNORE_CARRY                               ;
; AUTO_CASCADE_CHAINS    ; ON             ; AUTO_CASCADE                               ;
; IGNORE_CASCADE_BUFFERS ; OFF            ; IGNORE_CASCADE                             ;
+------------------------+----------------+--------------------------------------------+
Note: In order to hide this table in the UI and the text report file, please set the "Show Parameter Settings in Synthesis Report" option in "Analysis and Synthesis Settings -> More Settings" to "Off".


+--------------------------------------------------------------------------------------+
; Parameter Settings for Inferred Entity Instance: bin_to_bcd:bcd_conv|lpm_divide:Div1 ;
+------------------------+----------------+--------------------------------------------+
; Parameter Name         ; Value          ; Type                                       ;
+------------------------+----------------+--------------------------------------------+
; LPM_WIDTHN             ; 7              ; Untyped                                    ;
; LPM_WIDTHD             ; 4              ; Untyped                                    ;
; LPM_NREPRESENTATION    ; UNSIGNED       ; Untyped                                    ;
; LPM_DREPRESENTATION    ; UNSIGNED       ; Untyped                                    ;
; LPM_PIPELINE           ; 0              ; Untyped                                    ;
; LPM_REMAINDERPOSITIVE  ; TRUE           ; Untyped                                    ;
; MAXIMIZE_SPEED         ; 5              ; Untyped                                    ;
; CBXI_PARAMETER         ; lpm_divide_8sl ; Untyped                                    ;
; CARRY_CHAIN            ; MANUAL         ; Untyped                                    ;
; OPTIMIZE_FOR_SPEED     ; 5              ; Untyped                                    ;
; AUTO_CARRY_CHAINS      ; ON             ; AUTO_CARRY                                 ;
; IGNORE_CARRY_BUFFERS   ; OFF            ; IGNORE_CARRY                               ;
; AUTO_CASCADE_CHAINS    ; ON             ; AUTO_CASCADE                               ;
; IGNORE_CASCADE_BUFFERS ; OFF            ; IGNORE_CASCADE                             ;
+------------------------+----------------+--------------------------------------------+
Note: In order to hide this table in the UI and the text report file, please set the "Show Parameter Settings in Synthesis Report" option in "Analysis and Synthesis Settings -> More Settings" to "Off".


+--------------------------------------------------------------------------------------+
; Parameter Settings for Inferred Entity Instance: bin_to_bcd:bcd_conv|lpm_divide:Mod1 ;
+------------------------+----------------+--------------------------------------------+
; Parameter Name         ; Value          ; Type                                       ;
+------------------------+----------------+--------------------------------------------+
; LPM_WIDTHN             ; 8              ; Untyped                                    ;
; LPM_WIDTHD             ; 4              ; Untyped                                    ;
; LPM_NREPRESENTATION    ; UNSIGNED       ; Untyped                                    ;
; LPM_DREPRESENTATION    ; UNSIGNED       ; Untyped                                    ;
; LPM_PIPELINE           ; 0              ; Untyped                                    ;
; LPM_REMAINDERPOSITIVE  ; TRUE           ; Untyped                                    ;
; MAXIMIZE_SPEED         ; 5              ; Untyped                                    ;
; CBXI_PARAMETER         ; lpm_divide_ckl ; Untyped                                    ;
; CARRY_CHAIN            ; MANUAL         ; Untyped                                    ;
; OPTIMIZE_FOR_SPEED     ; 5              ; Untyped                                    ;
; AUTO_CARRY_CHAINS      ; ON             ; AUTO_CARRY                                 ;
; IGNORE_CARRY_BUFFERS   ; OFF            ; IGNORE_CARRY                               ;
; AUTO_CASCADE_CHAINS    ; ON             ; AUTO_CASCADE                               ;
; IGNORE_CASCADE_BUFFERS ; OFF            ; IGNORE_CASCADE                             ;
+------------------------+----------------+--------------------------------------------+
Note: In order to hide this table in the UI and the text report file, please set the "Show Parameter Settings in Synthesis Report" option in "Analysis and Synthesis Settings -> More Settings" to "Off".


+--------------------------------------------------------------------------------------+
; Parameter Settings for Inferred Entity Instance: bin_to_bcd:bcd_conv|lpm_divide:Div0 ;
+------------------------+----------------+--------------------------------------------+
; Parameter Name         ; Value          ; Type                                       ;
+------------------------+----------------+--------------------------------------------+
; LPM_WIDTHN             ; 8              ; Untyped                                    ;
; LPM_WIDTHD             ; 7              ; Untyped                                    ;
; LPM_NREPRESENTATION    ; UNSIGNED       ; Untyped                                    ;
; LPM_DREPRESENTATION    ; UNSIGNED       ; Untyped                                    ;
; LPM_PIPELINE           ; 0              ; Untyped                                    ;
; LPM_REMAINDERPOSITIVE  ; TRUE           ; Untyped                                    ;
; MAXIMIZE_SPEED         ; 5              ; Untyped                                    ;
; CBXI_PARAMETER         ; lpm_divide_csl ; Untyped                                    ;
; CARRY_CHAIN            ; MANUAL         ; Untyped                                    ;
; OPTIMIZE_FOR_SPEED     ; 5              ; Untyped                                    ;
; AUTO_CARRY_CHAINS      ; ON             ; AUTO_CARRY                                 ;
; IGNORE_CARRY_BUFFERS   ; OFF            ; IGNORE_CARRY                               ;
; AUTO_CASCADE_CHAINS    ; ON             ; AUTO_CASCADE                               ;
; IGNORE_CASCADE_BUFFERS ; OFF            ; IGNORE_CASCADE                             ;
+------------------------+----------------+--------------------------------------------+
Note: In order to hide this table in the UI and the text report file, please set the "Show Parameter Settings in Synthesis Report" option in "Analysis and Synthesis Settings -> More Settings" to "Off".


+-------------------------------------------------------------------------------------------+
; Parameter Settings for Inferred Entity Instance: dice_processor:dice_proc|lpm_divide:Mod0 ;
+------------------------+----------------+-------------------------------------------------+
; Parameter Name         ; Value          ; Type                                            ;
+------------------------+----------------+-------------------------------------------------+
; LPM_WIDTHN             ; 32             ; Untyped                                         ;
; LPM_WIDTHD             ; 8              ; Untyped                                         ;
; LPM_NREPRESENTATION    ; UNSIGNED       ; Untyped                                         ;
; LPM_DREPRESENTATION    ; UNSIGNED       ; Untyped                                         ;
; LPM_PIPELINE           ; 0              ; Untyped                                         ;
; LPM_REMAINDERPOSITIVE  ; TRUE           ; Untyped                                         ;
; MAXIMIZE_SPEED         ; 5              ; Untyped                                         ;
; CBXI_PARAMETER         ; lpm_divide_tll ; Untyped                                         ;
; CARRY_CHAIN            ; MANUAL         ; Untyped                                         ;
; OPTIMIZE_FOR_SPEED     ; 5              ; Untyped                                         ;
; AUTO_CARRY_CHAINS      ; ON             ; AUTO_CARRY                                      ;
; IGNORE_CARRY_BUFFERS   ; OFF            ; IGNORE_CARRY                                    ;
; AUTO_CASCADE_CHAINS    ; ON             ; AUTO_CASCADE                                    ;
; IGNORE_CASCADE_BUFFERS ; OFF            ; IGNORE_CASCADE                                  ;
+------------------------+----------------+-------------------------------------------------+
Note: In order to hide this table in the UI and the text report file, please set the "Show Parameter Settings in Synthesis Report" option in "Analysis and Synthesis Settings -> More Settings" to "Off".


+-------------------------------------------------------------------------------------------------------------------+
; Port Connectivity Checks: "clock_divider:clk_div"                                                                 ;
+---------+--------+----------+-------------------------------------------------------------------------------------+
; Port    ; Type   ; Severity ; Details                                                                             ;
+---------+--------+----------+-------------------------------------------------------------------------------------+
; clk_1Hz ; Output ; Info     ; Connected to dangling logic. Logic that only feeds a dangling port will be removed. ;
+---------+--------+----------+-------------------------------------------------------------------------------------+


+-----------------------------------------------------+
; Post-Synthesis Netlist Statistics for Top Partition ;
+-----------------------+-----------------------------+
; Type                  ; Count                       ;
+-----------------------+-----------------------------+
; boundary_port         ; 26                          ;
; cycloneiii_ff         ; 117                         ;
;     CLR               ; 22                          ;
;     CLR SCLR          ; 40                          ;
;     ENA CLR           ; 55                          ;
; cycloneiii_lcell_comb ; 899                         ;
;     arith             ; 342                         ;
;         2 data inputs ; 61                          ;
;         3 data inputs ; 281                         ;
;     normal            ; 557                         ;
;         0 data inputs ; 51                          ;
;         1 data inputs ; 23                          ;
;         2 data inputs ; 169                         ;
;         3 data inputs ; 158                         ;
;         4 data inputs ; 156                         ;
;                       ;                             ;
; Max LUT depth         ; 82.60                       ;
; Average LUT depth     ; 48.02                       ;
+-----------------------+-----------------------------+


+-------------------------------+
; Elapsed Time Per Partition    ;
+----------------+--------------+
; Partition Name ; Elapsed Time ;
+----------------+--------------+
; Top            ; 00:00:03     ;
+----------------+--------------+


+-------------------------------+
; Analysis & Synthesis Messages ;
+-------------------------------+
Info: *******************************************************************
Info: Running Quartus Prime Analysis & Synthesis
    Info: Version 20.1.0 Build 711 06/05/2020 SJ Lite Edition
    Info: Processing started: Sun Nov 02 23:46:43 2025
Info: Command: quartus_map --read_settings_files=on --write_settings_files=off digitaldice -c digitaldice
Warning (18236): Number of processors has not been specified which may cause overloading on shared machines.  Set the global assignment NUM_PARALLEL_PROCESSORS in your QSF to an appropriate value for best performance.
Info (20030): Parallel compilation is enabled and will use 8 of the 8 processors detected
Info (12021): Found 9 design units, including 9 entities, in source file digitaldice.v
    Info (12023): Found entity 1: digital_dice_top File: C:/Users/sraja/OneDrive/Desktop/dsd/digitaldice.v Line: 4
    Info (12023): Found entity 2: clock_divider File: C:/Users/sraja/OneDrive/Desktop/dsd/digitaldice.v Line: 114
    Info (12023): Found entity 3: random_seed_gen File: C:/Users/sraja/OneDrive/Desktop/dsd/digitaldice.v Line: 146
    Info (12023): Found entity 4: xorshift_rng File: C:/Users/sraja/OneDrive/Desktop/dsd/digitaldice.v Line: 168
    Info (12023): Found entity 5: tilt_detector File: C:/Users/sraja/OneDrive/Desktop/dsd/digitaldice.v Line: 193
    Info (12023): Found entity 6: dice_controller File: C:/Users/sraja/OneDrive/Desktop/dsd/digitaldice.v Line: 218
    Info (12023): Found entity 7: dice_processor File: C:/Users/sraja/OneDrive/Desktop/dsd/digitaldice.v Line: 249
    Info (12023): Found entity 8: bin_to_bcd File: C:/Users/sraja/OneDrive/Desktop/dsd/digitaldice.v Line: 292
    Info (12023): Found entity 9: seven_seg_display File: C:/Users/sraja/OneDrive/Desktop/dsd/digitaldice.v Line: 314
Info (12127): Elaborating entity "digital_dice_top" for the top level hierarchy
Info (12128): Elaborating entity "clock_divider" for hierarchy "clock_divider:clk_div" File: C:/Users/sraja/OneDrive/Desktop/dsd/digitaldice.v Line: 45
Warning (10230): Verilog HDL assignment warning at digitaldice.v(134): truncated value with size 32 to match size of target (26) File: C:/Users/sraja/OneDrive/Desktop/dsd/digitaldice.v Line: 134
Warning (10230): Verilog HDL assignment warning at digitaldice.v(136): truncated value with size 32 to match size of target (23) File: C:/Users/sraja/OneDrive/Desktop/dsd/digitaldice.v Line: 136
Warning (10230): Verilog HDL assignment warning at digitaldice.v(138): truncated value with size 32 to match size of target (17) File: C:/Users/sraja/OneDrive/Desktop/dsd/digitaldice.v Line: 138
Info (12128): Elaborating entity "random_seed_gen" for hierarchy "random_seed_gen:seed_gen" File: C:/Users/sraja/OneDrive/Desktop/dsd/digitaldice.v Line: 51
Warning (10230): Verilog HDL assignment warning at digitaldice.v(156): truncated value with size 32 to match size of target (24) File: C:/Users/sraja/OneDrive/Desktop/dsd/digitaldice.v Line: 156
Info (12128): Elaborating entity "xorshift_rng" for hierarchy "xorshift_rng:rng_inst" File: C:/Users/sraja/OneDrive/Desktop/dsd/digitaldice.v Line: 59
Info (12128): Elaborating entity "tilt_detector" for hierarchy "tilt_detector:tilt_inst" File: C:/Users/sraja/OneDrive/Desktop/dsd/digitaldice.v Line: 67
Info (12128): Elaborating entity "dice_controller" for hierarchy "dice_controller:dice_ctrl" File: C:/Users/sraja/OneDrive/Desktop/dsd/digitaldice.v Line: 77
Warning (10230): Verilog HDL assignment warning at digitaldice.v(238): truncated value with size 32 to match size of target (3) File: C:/Users/sraja/OneDrive/Desktop/dsd/digitaldice.v Line: 238
Warning (10230): Verilog HDL assignment warning at digitaldice.v(240): truncated value with size 32 to match size of target (3) File: C:/Users/sraja/OneDrive/Desktop/dsd/digitaldice.v Line: 240
Info (12128): Elaborating entity "dice_processor" for hierarchy "dice_processor:dice_proc" File: C:/Users/sraja/OneDrive/Desktop/dsd/digitaldice.v Line: 87
Warning (10230): Verilog HDL assignment warning at digitaldice.v(280): truncated value with size 32 to match size of target (8) File: C:/Users/sraja/OneDrive/Desktop/dsd/digitaldice.v Line: 280
Info (12128): Elaborating entity "bin_to_bcd" for hierarchy "bin_to_bcd:bcd_conv" File: C:/Users/sraja/OneDrive/Desktop/dsd/digitaldice.v Line: 92
Warning (10230): Verilog HDL assignment warning at digitaldice.v(299): truncated value with size 32 to match size of target (4) File: C:/Users/sraja/OneDrive/Desktop/dsd/digitaldice.v Line: 299
Warning (10230): Verilog HDL assignment warning at digitaldice.v(300): truncated value with size 32 to match size of target (4) File: C:/Users/sraja/OneDrive/Desktop/dsd/digitaldice.v Line: 300
Warning (10230): Verilog HDL assignment warning at digitaldice.v(301): truncated value with size 32 to match size of target (4) File: C:/Users/sraja/OneDrive/Desktop/dsd/digitaldice.v Line: 301
Warning (10230): Verilog HDL assignment warning at digitaldice.v(303): truncated value with size 32 to match size of target (4) File: C:/Users/sraja/OneDrive/Desktop/dsd/digitaldice.v Line: 303
Warning (10230): Verilog HDL assignment warning at digitaldice.v(305): truncated value with size 8 to match size of target (4) File: C:/Users/sraja/OneDrive/Desktop/dsd/digitaldice.v Line: 305
Info (12128): Elaborating entity "seven_seg_display" for hierarchy "seven_seg_display:seg_display" File: C:/Users/sraja/OneDrive/Desktop/dsd/digitaldice.v Line: 101
Warning (10230): Verilog HDL assignment warning at digitaldice.v(326): truncated value with size 32 to match size of target (2) File: C:/Users/sraja/OneDrive/Desktop/dsd/digitaldice.v Line: 326
Info (278001): Inferred 6 megafunctions from design logic
    Info (278004): Inferred divider/modulo megafunction ("lpm_divide") from the following logic: "bin_to_bcd:bcd_conv|Div2" File: C:/Users/sraja/OneDrive/Desktop/dsd/digitaldice.v Line: 303
    Info (278004): Inferred divider/modulo megafunction ("lpm_divide") from the following logic: "bin_to_bcd:bcd_conv|Mod0" File: C:/Users/sraja/OneDrive/Desktop/dsd/digitaldice.v Line: 300
    Info (278004): Inferred divider/modulo megafunction ("lpm_divide") from the following logic: "bin_to_bcd:bcd_conv|Div1" File: C:/Users/sraja/OneDrive/Desktop/dsd/digitaldice.v Line: 300
    Info (278004): Inferred divider/modulo megafunction ("lpm_divide") from the following logic: "bin_to_bcd:bcd_conv|Mod1" File: C:/Users/sraja/OneDrive/Desktop/dsd/digitaldice.v Line: 303
    Info (278004): Inferred divider/modulo megafunction ("lpm_divide") from the following logic: "bin_to_bcd:bcd_conv|Div0" File: C:/Users/sraja/OneDrive/Desktop/dsd/digitaldice.v Line: 299
    Info (278004): Inferred divider/modulo megafunction ("lpm_divide") from the following logic: "dice_processor:dice_proc|Mod0" File: C:/Users/sraja/OneDrive/Desktop/dsd/digitaldice.v Line: 280
Info (12130): Elaborated megafunction instantiation "bin_to_bcd:bcd_conv|lpm_divide:Div2" File: C:/Users/sraja/OneDrive/Desktop/dsd/digitaldice.v Line: 303
Info (12133): Instantiated megafunction "bin_to_bcd:bcd_conv|lpm_divide:Div2" with the following parameter: File: C:/Users/sraja/OneDrive/Desktop/dsd/digitaldice.v Line: 303
    Info (12134): Parameter "LPM_WIDTHN" = "8"
    Info (12134): Parameter "LPM_WIDTHD" = "4"
    Info (12134): Parameter "LPM_NREPRESENTATION" = "UNSIGNED"
    Info (12134): Parameter "LPM_DREPRESENTATION" = "UNSIGNED"
Info (12021): Found 1 design units, including 1 entities, in source file db/lpm_divide_9sl.tdf
    Info (12023): Found entity 1: lpm_divide_9sl File: C:/Users/sraja/OneDrive/Desktop/dsd/db/lpm_divide_9sl.tdf Line: 25
Info (12021): Found 1 design units, including 1 entities, in source file db/sign_div_unsign_bkh.tdf
    Info (12023): Found entity 1: sign_div_unsign_bkh File: C:/Users/sraja/OneDrive/Desktop/dsd/db/sign_div_unsign_bkh.tdf Line: 25
Info (12021): Found 1 design units, including 1 entities, in source file db/alt_u_div_0fe.tdf
    Info (12023): Found entity 1: alt_u_div_0fe File: C:/Users/sraja/OneDrive/Desktop/dsd/db/alt_u_div_0fe.tdf Line: 27
Info (12021): Found 1 design units, including 1 entities, in source file db/add_sub_t3c.tdf
    Info (12023): Found entity 1: add_sub_t3c File: C:/Users/sraja/OneDrive/Desktop/dsd/db/add_sub_t3c.tdf Line: 23
Info (12021): Found 1 design units, including 1 entities, in source file db/add_sub_u3c.tdf
    Info (12023): Found entity 1: add_sub_u3c File: C:/Users/sraja/OneDrive/Desktop/dsd/db/add_sub_u3c.tdf Line: 23
Info (12130): Elaborated megafunction instantiation "bin_to_bcd:bcd_conv|lpm_divide:Mod0" File: C:/Users/sraja/OneDrive/Desktop/dsd/digitaldice.v Line: 300
Info (12133): Instantiated megafunction "bin_to_bcd:bcd_conv|lpm_divide:Mod0" with the following parameter: File: C:/Users/sraja/OneDrive/Desktop/dsd/digitaldice.v Line: 300
    Info (12134): Parameter "LPM_WIDTHN" = "8"
    Info (12134): Parameter "LPM_WIDTHD" = "7"
    Info (12134): Parameter "LPM_NREPRESENTATION" = "UNSIGNED"
    Info (12134): Parameter "LPM_DREPRESENTATION" = "UNSIGNED"
Info (12021): Found 1 design units, including 1 entities, in source file db/lpm_divide_fkl.tdf
    Info (12023): Found entity 1: lpm_divide_fkl File: C:/Users/sraja/OneDrive/Desktop/dsd/db/lpm_divide_fkl.tdf Line: 25
Info (12021): Found 1 design units, including 1 entities, in source file db/sign_div_unsign_ekh.tdf
    Info (12023): Found entity 1: sign_div_unsign_ekh File: C:/Users/sraja/OneDrive/Desktop/dsd/db/sign_div_unsign_ekh.tdf Line: 25
Info (12021): Found 1 design units, including 1 entities, in source file db/alt_u_div_6fe.tdf
    Info (12023): Found entity 1: alt_u_div_6fe File: C:/Users/sraja/OneDrive/Desktop/dsd/db/alt_u_div_6fe.tdf Line: 27
Info (12130): Elaborated megafunction instantiation "bin_to_bcd:bcd_conv|lpm_divide:Div1" File: C:/Users/sraja/OneDrive/Desktop/dsd/digitaldice.v Line: 300
Info (12133): Instantiated megafunction "bin_to_bcd:bcd_conv|lpm_divide:Div1" with the following parameter: File: C:/Users/sraja/OneDrive/Desktop/dsd/digitaldice.v Line: 300
    Info (12134): Parameter "LPM_WIDTHN" = "7"
    Info (12134): Parameter "LPM_WIDTHD" = "4"
    Info (12134): Parameter "LPM_NREPRESENTATION" = "UNSIGNED"
    Info (12134): Parameter "LPM_DREPRESENTATION" = "UNSIGNED"
Info (12021): Found 1 design units, including 1 entities, in source file db/lpm_divide_8sl.tdf
    Info (12023): Found entity 1: lpm_divide_8sl File: C:/Users/sraja/OneDrive/Desktop/dsd/db/lpm_divide_8sl.tdf Line: 25
Info (12021): Found 1 design units, including 1 entities, in source file db/sign_div_unsign_akh.tdf
    Info (12023): Found entity 1: sign_div_unsign_akh File: C:/Users/sraja/OneDrive/Desktop/dsd/db/sign_div_unsign_akh.tdf Line: 25
Info (12021): Found 1 design units, including 1 entities, in source file db/alt_u_div_uee.tdf
    Info (12023): Found entity 1: alt_u_div_uee File: C:/Users/sraja/OneDrive/Desktop/dsd/db/alt_u_div_uee.tdf Line: 27
Info (12130): Elaborated megafunction instantiation "bin_to_bcd:bcd_conv|lpm_divide:Mod1" File: C:/Users/sraja/OneDrive/Desktop/dsd/digitaldice.v Line: 303
Info (12133): Instantiated megafunction "bin_to_bcd:bcd_conv|lpm_divide:Mod1" with the following parameter: File: C:/Users/sraja/OneDrive/Desktop/dsd/digitaldice.v Line: 303
    Info (12134): Parameter "LPM_WIDTHN" = "8"
    Info (12134): Parameter "LPM_WIDTHD" = "4"
    Info (12134): Parameter "LPM_NREPRESENTATION" = "UNSIGNED"
    Info (12134): Parameter "LPM_DREPRESENTATION" = "UNSIGNED"
Info (12021): Found 1 design units, including 1 entities, in source file db/lpm_divide_ckl.tdf
    Info (12023): Found entity 1: lpm_divide_ckl File: C:/Users/sraja/OneDrive/Desktop/dsd/db/lpm_divide_ckl.tdf Line: 25
Info (12130): Elaborated megafunction instantiation "bin_to_bcd:bcd_conv|lpm_divide:Div0" File: C:/Users/sraja/OneDrive/Desktop/dsd/digitaldice.v Line: 299
Info (12133): Instantiated megafunction "bin_to_bcd:bcd_conv|lpm_divide:Div0" with the following parameter: File: C:/Users/sraja/OneDrive/Desktop/dsd/digitaldice.v Line: 299
    Info (12134): Parameter "LPM_WIDTHN" = "8"
    Info (12134): Parameter "LPM_WIDTHD" = "7"
    Info (12134): Parameter "LPM_NREPRESENTATION" = "UNSIGNED"
    Info (12134): Parameter "LPM_DREPRESENTATION" = "UNSIGNED"
Info (12021): Found 1 design units, including 1 entities, in source file db/lpm_divide_csl.tdf
    Info (12023): Found entity 1: lpm_divide_csl File: C:/Users/sraja/OneDrive/Desktop/dsd/db/lpm_divide_csl.tdf Line: 25
Info (12130): Elaborated megafunction instantiation "dice_processor:dice_proc|lpm_divide:Mod0" File: C:/Users/sraja/OneDrive/Desktop/dsd/digitaldice.v Line: 280
Info (12133): Instantiated megafunction "dice_processor:dice_proc|lpm_divide:Mod0" with the following parameter: File: C:/Users/sraja/OneDrive/Desktop/dsd/digitaldice.v Line: 280
    Info (12134): Parameter "LPM_WIDTHN" = "32"
    Info (12134): Parameter "LPM_WIDTHD" = "8"
    Info (12134): Parameter "LPM_NREPRESENTATION" = "UNSIGNED"
    Info (12134): Parameter "LPM_DREPRESENTATION" = "UNSIGNED"
Info (12021): Found 1 design units, including 1 entities, in source file db/lpm_divide_tll.tdf
    Info (12023): Found entity 1: lpm_divide_tll File: C:/Users/sraja/OneDrive/Desktop/dsd/db/lpm_divide_tll.tdf Line: 25
Info (12021): Found 1 design units, including 1 entities, in source file db/sign_div_unsign_slh.tdf
    Info (12023): Found entity 1: sign_div_unsign_slh File: C:/Users/sraja/OneDrive/Desktop/dsd/db/sign_div_unsign_slh.tdf Line: 25
Info (12021): Found 1 design units, including 1 entities, in source file db/alt_u_div_2ie.tdf
    Info (12023): Found entity 1: alt_u_div_2ie File: C:/Users/sraja/OneDrive/Desktop/dsd/db/alt_u_div_2ie.tdf Line: 27
Info (13000): Registers with preset signals will power-up high File: C:/Users/sraja/OneDrive/Desktop/dsd/digitaldice.v Line: 278
Info (13003): DEV_CLRn pin will set, and not reset, register with preset signal due to NOT Gate Push-Back
Warning (13024): Output pins are stuck at VCC or GND
    Warning (13410): Pin "dp" is stuck at VCC File: C:/Users/sraja/OneDrive/Desktop/dsd/digitaldice.v Line: 13
    Warning (13410): Pin "led[6]" is stuck at GND File: C:/Users/sraja/OneDrive/Desktop/dsd/digitaldice.v Line: 15
    Warning (13410): Pin "led[7]" is stuck at GND File: C:/Users/sraja/OneDrive/Desktop/dsd/digitaldice.v Line: 15
Info (286030): Timing-Driven Synthesis is running
Info (17049): 1 registers lost all their fanouts during netlist optimizations.
Info (144001): Generated suppressed messages file C:/Users/sraja/OneDrive/Desktop/dsd/output_files/digitaldice.map.smsg
Info (16010): Generating hard_block partition "hard_block:auto_generated_inst"
    Info (16011): Adding 0 node(s), including 0 DDIO, 0 PLL, 0 transceiver and 0 LCELL
Warning (21074): Design contains 1 input pin(s) that do not drive logic
    Warning (15610): No output dependent on input pin "btn_roll" File: C:/Users/sraja/OneDrive/Desktop/dsd/digitaldice.v Line: 10
Info (21057): Implemented 947 device resources after synthesis - the final resource count might be different
    Info (21058): Implemented 6 input pins
    Info (21059): Implemented 20 output pins
    Info (21061): Implemented 921 logic cells
Info: Quartus Prime Analysis & Synthesis was successful. 0 errors, 20 warnings
    Info: Peak virtual memory: 4841 megabytes
    Info: Processing ended: Sun Nov 02 23:47:00 2025
    Info: Elapsed time: 00:00:17
    Info: Total CPU time (on all processors): 00:00:27


+------------------------------------------+
; Analysis & Synthesis Suppressed Messages ;
+------------------------------------------+
The suppressed messages can be found in C:/Users/sraja/OneDrive/Desktop/dsd/output_files/digitaldice.map.smsg.


